<?xml version="1.0" encoding="UTF-8"?>
<testng-results ignored="10" total="12" passed="2" failed="0" skipped="0">
  <reporter-output>
  </reporter-output>
  <suite started-at="2022-01-21T17:53:46 IST" name="TestngSuiteDemo" finished-at="2022-01-21T17:54:08 IST" duration-ms="21972">
    <groups>
      <group name="R2">
        <method signature="TestNGDAY6.TS001()[pri:0, instance:TestNGDemo.TestNGDAY6@2e1d27ba]" name="TS001" class="TestNGDemo.TestNGDAY6"/>
      </group> <!-- R2 -->
      <group name="R1">
        <method signature="TestNGDAY5.TS001()[pri:0, instance:TestNGDemo.TestNGDAY5@7e9131d5]" name="TS001" class="TestNGDemo.TestNGDAY5"/>
      </group> <!-- R1 -->
    </groups>
    <test started-at="2022-01-21T17:53:46 IST" name="TestDemo1" finished-at="2022-01-21T17:54:08 IST" duration-ms="21972">
      <class name="TestNGDemo.TestNGDAY6">
        <test-method signature="TS001()[pri:0, instance:TestNGDemo.TestNGDAY6@2e1d27ba]" started-at="2022-01-21T17:53:55 IST" name="TS001" finished-at="2022-01-21T17:54:08 IST" duration-ms="12499" status="PASS">
          <reporter-output>
          </reporter-output>
        </test-method> <!-- TS001 -->
      </class> <!-- TestNGDemo.TestNGDAY6 -->
      <class name="TestNGDemo.TestNGDAY5">
        <test-method signature="TS001()[pri:0, instance:TestNGDemo.TestNGDAY5@7e9131d5]" started-at="2022-01-21T17:53:46 IST" name="TS001" finished-at="2022-01-21T17:53:55 IST" duration-ms="9424" status="PASS">
          <reporter-output>
          </reporter-output>
        </test-method> <!-- TS001 -->
      </class> <!-- TestNGDemo.TestNGDAY5 -->
    </test> <!-- TestDemo1 -->
  </suite> <!-- TestngSuiteDemo -->
</testng-results>
