<?xml version="1.0" encoding="UTF-8"?>
<testng-results ignored="0" total="1" passed="1" failed="0" skipped="0">
  <reporter-output>
  </reporter-output>
  <suite started-at="2022-01-24T18:32:49 IST" name="Default suite" finished-at="2022-01-24T18:32:49 IST" duration-ms="278">
    <groups>
    </groups>
    <test started-at="2022-01-24T18:32:49 IST" name="Default test" finished-at="2022-01-24T18:32:49 IST" duration-ms="278">
      <class name="Project.DDF">
        <test-method signature="TS001()[pri:0, instance:Project.DDF@f2ff811]" started-at="2022-01-24T18:32:49 IST" name="TS001" finished-at="2022-01-24T18:32:49 IST" duration-ms="240" status="PASS">
          <reporter-output>
          </reporter-output>
        </test-method> <!-- TS001 -->
      </class> <!-- Project.DDF -->
    </test> <!-- Default test -->
  </suite> <!-- Default suite -->
</testng-results>
