<?xml version="1.0" encoding="UTF-8"?>
<!-- Generated by org.testng.reporters.JUnitXMLReporter -->
<testsuite ignored="10" hostname="SARAVANANR" failures="0" tests="2" name="TestDemo1" time="21.972" errors="0" timestamp="2022-01-21T17:54:08 IST">
  <testcase classname="TestNGDemo.TestNGDAY5" name="TS001" time="9.424"/>
  <testcase classname="TestNGDemo.TestNGDAY6" name="TS001" time="12.499"/>
  <testcase classname="TestNGDemo.TestNGDemo4" name="TS001" time="0.0">
    <ignored/>
  </testcase> <!-- TS001 -->
  <testcase classname="TestNGDemo.TestNGDemo5" name="TS002" time="0.0">
    <ignored/>
  </testcase> <!-- TS002 -->
  <testcase classname="TestNGDemo.TestNGDemo1" name="TS001" time="0.0">
    <ignored/>
  </testcase> <!-- TS001 -->
  <testcase classname="TestNGDemo.TestNGDAY7" name="TS001" time="0.0">
    <ignored/>
  </testcase> <!-- TS001 -->
  <testcase classname="TestNGDemo.TestNGDAY3" name="TS001" time="0.0">
    <ignored/>
  </testcase> <!-- TS001 -->
  <testcase classname="TestNGDemo.TestNGDAY4" name="TS002" time="0.0">
    <ignored/>
  </testcase> <!-- TS002 -->
  <testcase classname="TestNGDemo.TestNGDAY1" name="TS001" time="0.0">
    <ignored/>
  </testcase> <!-- TS001 -->
  <testcase classname="TestNGDemo.TestNGDAY2" name="TS002" time="0.0">
    <ignored/>
  </testcase> <!-- TS002 -->
  <testcase classname="TestNGDemo.TestNGDemo2" name="TS002" time="0.0">
    <ignored/>
  </testcase> <!-- TS002 -->
  <testcase classname="TestNGDemo.TestNGDemo3" name="TS001" time="0.0">
    <ignored/>
  </testcase> <!-- TS001 -->
</testsuite> <!-- TestDemo1 -->
