<?xml version="1.0" encoding="UTF-8"?>
<!-- Generated by org.testng.reporters.JUnitXMLReporter -->
<testsuite ignored="0" hostname="SARAVANANR" failures="1" tests="1" name="TestngTestDemo1" time="4.042" errors="0" timestamp="2022-01-24T15:19:34 IST">
  <testcase classname="TestNGDemo.TestNGDemo5" name="TS002" time="1.568">
    <failure type="java.lang.AssertionError" message="expected [Sam] but found [Saravananr]">
      <![CDATA[java.lang.AssertionError: expected [Sam] but found [Saravananr]
at TestNGDemo.TestNGDemo5.TS002(TestNGDemo5.java:36)
at java.base/java.util.ArrayList.forEach(ArrayList.java:1541)
... Removed 32 stack frames]]>
    </failure>
  </testcase> <!-- TS002 -->
</testsuite> <!-- TestngTestDemo1 -->
